
ROM used:   2850/32768 (9%)
            2850/32768 (9%) including unused fragments

            0.7 Average locations per line
            7.9 Average locations per statement

RAM used:   109/1536 (7%) at main() level
            129/1536 (8%) worst case

Stack used: 8 worst case (5 in main + 3 for interrupts)
Stack size: 31

Lines Stmts  %   Files
----- ----- ---  -----
  157    49  14  main.c
    8     0   0  main.h
  878     0   0  ..\..\..\Program Files (x86)\PICC\Devices\18F4520.h
   88     0   0  ..\..\..\Program Files (x86)\PICC\Drivers\modbus.c
  201     0   0  ..\..\..\Program Files (x86)\PICC\Drivers\modbus.h
  253     0   0  ..\..\..\Program Files (x86)\PICC\Drivers\modbus_phy_layer.h
  597     0   0  ..\..\..\Program Files (x86)\PICC\Drivers\modbus_app_layer.h
  412    68  19  ..\..\..\Program Files (x86)\PICC\Drivers\modbus_phy_layer_rtu.c
 1046   163  45  ..\..\..\Program Files (x86)\PICC\Drivers\modbus_app_layer.c
  259    79  22  flex_lcd420.c
----- -----
 3899   359 Total

Page ROM  %  RAM    Vol Diff  Functions:
---- --- --- ---    --- ----  ----------
0     38   1    1             @delay_ms1
0      8   0    0    204  2.5  @TIMERISR_1
0     76   1    0    328  2.7  @GET_TICKS_1
0     64   1    2    389  2.3  @SET_TICKS_1
0     40   1    2    411  4.5  @PUTCHAR_BIU_1
0     48   1    2    386  6.5  @GETCH_BIU_1
0    272   5    0    662  4.2  @const897
0    272   5    0    662  4.2  @const900
0     30   1    0    195  2.7  RCV_ON
0     14   0    1     43  1.5  modbus_enable_timeout
0     54   1    0    259  5.0  modbus_timeout_now
0     30   1    2     80  2.7  modbus_check_timeout
0     30   1    2    230  3.2  modbus_calc_crc
0     34   1    1     88  2.1  modbus_serial_putc
0     32   1    2    211  4.0  modbus_serial_send_start
0     42   1    2    360  5.6  modbus_serial_send_stop
0     96   2    3    724  6.0  incomming_modbus_serial
0     12   0    0     47  1.3  modbus_init
0     36   1    0    267  5.5  modbus_kbhit
0     92   2    8    351  5.5  modbus_read_holding_registers_rsp
0     40   1    6    270  2.1  modbus_write_single_register_rsp
0     40   1    6    270  2.1  modbus_write_multiple_registers_rsp
0     24   0    6    137  1.3  modbus_exception_rsp
0     20   0    0    662  4.2  @const928
0     64   1    1    328  2.7  lcd_send_nibble
0     52   1    1    389  2.3  lcd_read_nibble
0     36   1    3    165  3.3  lcd_read_byte
0     66   1    3    319  4.1  lcd_send_byte
0     82   1    2    411  4.5  lcd_init
0     64   1    4    386  6.5  lcd_gotoxy
0     72   1    1    310  4.8  lcd_putc
0    420   7    8   2535 12.3  MODBUS_GETDATA
0    256   4    0    656  4.2  MAIN
0     16   0    0    635  6.0  @const965
0     34   1    2    464  3.8  @PSTRINGC_950
0     62   1    2             @PRINTF_X_950
 Inline         0             @cinit1

Program metrics:
    Functions               34
    Statements              359
    Comments                1241
    Volume (V)              25465
    Difficulty (D)          136.5
    Effort to implement (E) 3475583
    Time to implement (T)   53 hours, 38 minutes
    Est Delivered Bugs (B)  8
    Cyclomatic Complexity   48
    Maintainability (MI)    101

 Segment     Used  Free
-----------  ----  ----
00000-00002     4  0  
00004-00006     0  4  
00008-000B8   178  0  
000BA-07FFE  2668  29914  



